<?xml version="1.0" encoding="UTF-8"?>
<testng-results ignored="0" total="2" passed="2" failed="0" skipped="0">
  <reporter-output>
  </reporter-output>
  <suite started-at="2024-04-19T15:44:43 IST" name="Default suite" finished-at="2024-04-19T15:44:57 IST" duration-ms="13154">
    <groups>
    </groups>
    <test started-at="2024-04-19T15:44:43 IST" name="Default test" finished-at="2024-04-19T15:44:57 IST" duration-ms="13154">
      <class name="ScreenshotUtility">
        <test-method signature="ScreenShot()[pri:0, instance:ScreenshotUtility@4466af20]" started-at="2024-04-19T15:44:43 IST" name="ScreenShot" finished-at="2024-04-19T15:44:50 IST" duration-ms="6321" status="PASS">
          <reporter-output>
          </reporter-output>
        </test-method> <!-- ScreenShot -->
        <test-method signature="Scroll()[pri:0, instance:ScreenshotUtility@4466af20]" started-at="2024-04-19T15:44:50 IST" name="Scroll" finished-at="2024-04-19T15:44:57 IST" duration-ms="6767" status="PASS">
          <reporter-output>
          </reporter-output>
        </test-method> <!-- Scroll -->
      </class> <!-- ScreenshotUtility -->
    </test> <!-- Default test -->
  </suite> <!-- Default suite -->
</testng-results>
